============================= test session starts ==============================
platform darwin -- Python 3.13.3, pytest-9.0.2, pluggy-1.6.0 -- /Users/ziangs/Desktop/CS336/assignment1-basics/.venv/bin/python
cachedir: .pytest_cache
rootdir: /Users/ziangs/Desktop/CS336/assignment1-basics
configfile: pyproject.toml
plugins: jaxtyping-0.3.9, timeout-2.4.0
collecting ... collected 3 items

tests/test_train_bpe.py::test_train_bpe_speed FAILED
tests/test_train_bpe.py::test_train_bpe FAILED
tests/test_train_bpe.py::test_train_bpe_special_tokens FAILED

=================================== FAILURES ===================================
_____________________________ test_train_bpe_speed _____________________________

    def test_train_bpe_speed():
        """
        Ensure that BPE training is relatively efficient by measuring training
        time on this small dataset and throwing an error if it takes more than 1.5 seconds.
        This is a pretty generous upper-bound, it takes 0.38 seconds with the
        reference implementation on my laptop. In contrast, the toy implementation
        takes around 3 seconds.
        """
        input_path = FIXTURES_PATH / "corpus.en"
        start_time = time.time()
        _, _ = run_train_bpe(
            input_path=input_path,
            vocab_size=500,
            special_tokens=["<|endoftext|>"],
        )
        end_time = time.time()
>       assert end_time - start_time < 1.5
E       assert (1780091731.2389429 - 1780091729.4713202) < 1.5

tests/test_train_bpe.py:24: AssertionError
________________________________ test_train_bpe ________________________________

    def test_train_bpe():
        input_path = FIXTURES_PATH / "corpus.en"
        vocab, merges = run_train_bpe(
            input_path=input_path,
            vocab_size=500,
            special_tokens=["<|endoftext|>"],
        )
    
        # Path to the reference tokenizer vocab and merges
        reference_vocab_path = FIXTURES_PATH / "train-bpe-reference-vocab.json"
        reference_merges_path = FIXTURES_PATH / "train-bpe-reference-merges.txt"
    
        # Compare the learned merges to the expected output merges
        gpt2_byte_decoder = {v: k for k, v in gpt2_bytes_to_unicode().items()}
        with open(reference_merges_path, encoding="utf-8") as f:
            gpt2_reference_merges = [tuple(line.rstrip().split(" ")) for line in f]
            reference_merges = [
                (
                    bytes([gpt2_byte_decoder[token] for token in merge_token_1]),
                    bytes([gpt2_byte_decoder[token] for token in merge_token_2]),
                )
                for merge_token_1, merge_token_2 in gpt2_reference_merges
            ]
>       assert merges == reference_merges
E       AssertionError: assert [(b' ', b't'), (b' ', b'a'), (b'h', b'e'), (b'i', b'n'), (b' t', b'he'), (b'r', b'e'), (b' ', b'o'), (b' ', b','), (b'e', b'r'), (b' ', b's'), (b'a', b't'), (b' ', b'.'), (b'n', b'd'), (b'i', b's'), (b'o', b'r'), (b' ', b'w'), (b' ', b'c'), (b'o', b'n'), (b' ', b'b'), (b' ', b'f'), (b'o', b'u'), (b'i', b't'), (b'e', b'n'), (b'e', b's'), (b' o', b'f'), (b' ', b'p'), (b'in', b'g'), (b' ', b'in'), (b'e', b'd'), (b'a', b'l'), (b' ', b'm'), (b' a', b'nd'), (b' ', b'd'), (b'a', b'n'), (b'a', b'r'), (b' t', b'o'), (b'o', b'm'), (b' t', b'h'), (b'i', b'c'), (b'i', b'on'), (b' ', b'h'), (b' ', b'l'), (b' ', b'y'), (b' ', b'e'), (b'a', b's'), (b'o', b't'), (b'i', b'l'), (b' ', b'n'), (b' ', b'u'), (b'en', b't'), (b' b', b'e'), (b' ', b'&'), (b' ', b'is'), (b' y', b'ou'), (b'o', b's'), (b' ', b're'), (b'e', b't'), (b' f', b'or'), (b'u', b't'), (b'e', b'l'), (b' ', b'g'), (b'a', b'y'), (b's', b't'), (b'o', b'w'), (b'l', b'e'), (b'c', b'e'), (b'a', b'd'), (b' o', b'n'), (b' ', b'I'), (b'v', b'er'), (b'v', b'e'), (b' ', b'A'), (b'u', b'r'), (b'o', b'l'), (b'c', b't'), (b'q', b'u'), (b' th', b'at'), (b'i', b'm'), (b'al', b'l'), (b'a', b'm'), (b'i', b'g'), (b'c', b'h'), (b'at', b'ion'), (b' ', b'P'), (b'it', b'h'), (b'i', b'r'), (b' ', b'S'), (b' ', b'it'), (b' p', b'r'), (b'a', b'p'), (b' s', b'h'), (b' ', b'C'), (b' c', b'om'), (b't', b'h'), (b' ', b'@'), (b' w', b'h'), (b' @', b'-'), (b' @-', b'@'), (b' a', b're'), (b' w', b'ith'), (b'n', b't'), (b'i', b'd'), (b' a', b'l'), (b'o', b'p'), (b' u', b's'), (b'er', b's'), (b' a', b's'), (b't', b'he'), (b'a', b'nd'), (b'i', b'f'), (b'or', b'd'), (b'o', b'd'), (b' ', b'he'), (b'is', b't'), (b'qu', b'ot'), (b'm', b'ent'), (b' ', b'M'), (b' o', b'r'), (b'o', b're'), (b' ', b'G'), (b' f', b'r'), (b'il', b'l'), (b' s', b't'), (b're', b's'), (b'es', b's'), (b' th', b'is'), (b'l', b'd'), (b' ', b'2'), (b'ar', b't'), (b' ', b';'), (b' ', b'L'), (b'l', b'y'), (b'a', b'in'), (b' d', b'e'), (b' c', b'on'), (b'u', b'l'), (b'es', b't'), (b' fr', b'om'), (b'ap', b'os'), (b' a', b'n'), (b's', b'e'), (b'a', b'g'), (b' w', b'e'), (b' ', b'('), (b'0', b'0'), (b't', b'er'), (b' ', b'E'), (b' n', b'ot'), (b'e', b'm'), (b'a', b've'), (b' ', b')'), (b' ', b'1'), (b' you', b'r'), (b' b', b'y'), (b' c', b'an'), (b'o', b'c'), (b' ', b'D'), (b' n', b'e'), (b' ', b'v'), (b' al', b'l'), (b'ig', b'h'), (b'ic', b'h'), (b'r', b'i'), (b' u', b'p'), (b' ', b'r'), (b' ', b'W'), (b'b', b'le'), (b' the', b'y'), (b' ', b'B'), (b' wh', b'ich'), (b' y', b'e'), (b'u', b'n'), (b' ', b'O'), (b'k', b'e'), (b' w', b'or'), (b' s', b'u'), (b' ', b'F'), (b' ', b'H'), (b' h', b'ave'), (b' sh', b'all'), (b' c', b'h'), (b'at', b'e'), (b'e', b'ct'), (b'it', b'y'), (b' s', b'p'), (b'igh', b't'), (b'res', b's'), (b' com', b'p'), (b' w', b'ill'), (b' &', b'#'), (b'an', b't'), (b'or', b't'), (b'i', b've'), (b'a', b're'), (b'.', b'.'), (b' A', b'nd'), (b' e', b'x'), (b' .', b'..'), (b'as', b't'), (b'2', b'4'), (b' ', b'T'), (b'ou', b'ld'), (b' t', b'r'), (b'v', b'en'), (b'u', b'st'), (b' u', b'nt'), (b'ou', b't'), (b' s', b'e'), (b'u', b'm'), (b'c', b'om'), (b'f', b't'), (b' unt', b'o'), (b' pr', b'o'), (b'os', b't'), (b'ion', b's'), (b'is', b'h'), (b're', b'e'), (b'l', b'o'), (b'i', b'z'), (b'1', b'24'), (b'm', b'er'), (b'ing', b's'), (b' a', b'c'), (b'th', b'is'), (b'at', b'ed'), (b'a', b'c'), (b' m', b'an'), (b'l', b'u'), (b'e', b're'), (b' m', b'y'), (b' a', b't'), (b'f', b'or'), (b'ag', b'e'), (b'i', b'es'), (b'an', b's'), (b'r', b'ou'), (b' wor', b'k'), (b'in', b'd'), (b'p', b'p'), (b' s', b'it'), (b'he', b're'), (b'f', b'ore'), (b' ', b'ver')] == [(b' ', b't'), (b' ', b'a'), (b'h', b'e'), (b'i', b'n'), (b' t', b'he'), (b'r', b'e'), (b' ', b'o'), (b' ', b','), (b'e', b'r'), (b' ', b's'), (b'a', b't'), (b' ', b'.'), (b'n', b'd'), (b'i', b's'), (b'o', b'r'), (b' ', b'w'), (b' ', b'c'), (b'o', b'n'), (b' ', b'b'), (b' ', b'f'), (b'o', b'u'), (b'i', b't'), (b'e', b'n'), (b'e', b's'), (b' o', b'f'), (b' ', b'p'), (b'in', b'g'), (b' ', b'in'), (b'e', b'd'), (b'a', b'l'), (b' ', b'm'), (b' a', b'nd'), (b' ', b'd'), (b'a', b'n'), (b'a', b'r'), (b' t', b'o'), (b'o', b'm'), (b' t', b'h'), (b'i', b'c'), (b'i', b'on'), (b' ', b'h'), (b' ', b'l'), (b' ', b'y'), (b' ', b'e'), (b'a', b's'), (b'o', b't'), (b'i', b'l'), (b' ', b'n'), (b' ', b'u'), (b'en', b't'), (b' b', b'e'), (b' ', b'&'), (b' ', b'is'), (b' y', b'ou'), (b'o', b's'), (b' ', b're'), (b'e', b't'), (b' f', b'or'), (b'u', b't'), (b'e', b'l'), (b' ', b'g'), (b'a', b'y'), (b's', b't'), (b'o', b'w'), (b'l', b'e'), (b'c', b'e'), (b'a', b'd'), (b' o', b'n'), (b' ', b'I'), (b'v', b'er'), (b'v', b'e'), (b' ', b'A'), (b'u', b'r'), (b'o', b'l'), (b'c', b't'), (b'q', b'u'), (b' th', b'at'), (b'i', b'm'), (b'al', b'l'), (b'a', b'm'), (b'i', b'g'), (b'c', b'h'), (b'at', b'ion'), (b' ', b'P'), (b'it', b'h'), (b'i', b'r'), (b' ', b'S'), (b' ', b'it'), (b' p', b'r'), (b'a', b'p'), (b' s', b'h'), (b' ', b'C'), (b't', b'h'), (b' c', b'om'), (b' ', b'@'), (b' w', b'h'), (b'-', b'@'), (b' a', b're'), (b' @', b'-@'), (b'n', b't'), (b'i', b'd'), (b' w', b'ith'), (b' a', b'l'), (b'o', b'p'), (b' u', b's'), (b'er', b's'), (b' a', b's'), (b't', b'he'), (b'a', b'nd'), (b'i', b'f'), (b'or', b'd'), (b'o', b'd'), (b' ', b'he'), (b'is', b't'), (b'qu', b'ot'), (b'm', b'ent'), (b' ', b'M'), (b' o', b'r'), (b'o', b're'), (b' ', b'G'), (b' f', b'r'), (b'il', b'l'), (b're', b's'), (b' s', b't'), (b'es', b's'), (b'l', b'd'), (b' th', b'is'), (b' ', b'2'), (b'ar', b't'), (b' ', b';'), (b' ', b'L'), (b'l', b'y'), (b'a', b'in'), (b'u', b'l'), (b' d', b'e'), (b' c', b'on'), (b'es', b't'), (b's', b'e'), (b'ap', b'os'), (b'a', b'g'), (b' fr', b'om'), (b' a', b'n'), (b' w', b'e'), (b' ', b'('), (b'0', b'0'), (b't', b'er'), (b' ', b'E'), (b'e', b'm'), (b'a', b've'), (b' n', b'ot'), (b' ', b')'), (b' ', b'1'), (b' you', b'r'), (b'o', b'c'), (b' c', b'an'), (b' b', b'y'), (b' ', b'D'), (b' n', b'e'), (b' ', b'v'), (b'ig', b'h'), (b'ic', b'h'), (b' al', b'l'), (b'r', b'i'), (b' u', b'p'), (b' ', b'r'), (b' ', b'W'), (b'b', b'le'), (b' the', b'y'), (b' ', b'B'), (b'u', b'n'), (b' y', b'e'), (b' wh', b'ich'), (b' ', b'O'), (b'k', b'e'), (b' w', b'or'), (b' s', b'u'), (b' ', b'F'), (b' ', b'H'), (b' h', b'ave'), (b'at', b'e'), (b' sh', b'all'), (b' c', b'h'), (b'e', b'ct'), (b'it', b'y'), (b' s', b'p'), (b'res', b's'), (b'igh', b't'), (b' w', b'ill'), (b' com', b'p'), (b'or', b't'), (b'an', b't'), (b' &', b'#'), (b'i', b've'), (b'a', b're'), (b'.', b'.'), (b' e', b'x'), (b' A', b'nd'), (b' .', b'..'), (b'as', b't'), (b'2', b'4'), (b' ', b'T'), (b'ou', b'ld'), (b'v', b'en'), (b' t', b'r'), (b'u', b'st'), (b'u', b'm'), (b'ou', b't'), (b'c', b'om'), (b' u', b'nt'), (b' s', b'e'), (b'f', b't'), (b're', b'e'), (b'os', b't'), (b'o', b'g'), (b'is', b'h'), (b'ion', b's'), (b'i', b'z'), (b'1', b'24'), (b' unt', b'o'), (b'm', b'er'), (b'ing', b's'), (b' a', b'c'), (b'th', b'is'), (b'at', b'ed'), (b'a', b'c'), (b'l', b'u'), (b'e', b're'), (b' m', b'an'), (b'f', b'or'), (b' m', b'y'), (b' a', b't'), (b'i', b'es'), (b'ag', b'e'), (b'r', b'ou'), (b'l', b'o'), (b'an', b's'), (b'p', b'p'), (b'in', b'd'), (b' wor', b'k'), (b'he', b're'), (b'f', b'ore'), (b' s', b'it'), (b' ', b'ver')]
E         
E         At index 92 diff: (b' c', b'om') != (b't', b'h')
E         
E         Full diff:
E           [
E               (
E                   b' ',
E                   b't',
E               ),
E               (
E                   b' ',
E                   b'a',
E               ),
E               (
E                   b'h',
E                   b'e',
E               ),
E               (
E                   b'i',
E                   b'n',
E               ),
E               (
E                   b' t',
E                   b'he',
E               ),
E               (
E                   b'r',
E                   b'e',
E               ),
E               (
E                   b' ',
E                   b'o',
E               ),
E               (
E                   b' ',
E                   b',',
E               ),
E               (
E                   b'e',
E                   b'r',
E               ),
E               (
E                   b' ',
E                   b's',
E               ),
E               (
E                   b'a',
E                   b't',
E               ),
E               (
E                   b' ',
E                   b'.',
E               ),
E               (
E                   b'n',
E                   b'd',
E               ),
E               (
E                   b'i',
E                   b's',
E               ),
E               (
E                   b'o',
E                   b'r',
E               ),
E               (
E                   b' ',
E                   b'w',
E               ),
E               (
E                   b' ',
E                   b'c',
E               ),
E               (
E                   b'o',
E                   b'n',
E               ),
E               (
E                   b' ',
E                   b'b',
E               ),
E               (
E                   b' ',
E                   b'f',
E               ),
E               (
E                   b'o',
E                   b'u',
E               ),
E               (
E                   b'i',
E                   b't',
E               ),
E               (
E                   b'e',
E                   b'n',
E               ),
E               (
E                   b'e',
E                   b's',
E               ),
E               (
E                   b' o',
E                   b'f',
E               ),
E               (
E                   b' ',
E                   b'p',
E               ),
E               (
E                   b'in',
E                   b'g',
E               ),
E               (
E                   b' ',
E                   b'in',
E               ),
E               (
E                   b'e',
E                   b'd',
E               ),
E               (
E                   b'a',
E                   b'l',
E               ),
E               (
E                   b' ',
E                   b'm',
E               ),
E               (
E                   b' a',
E                   b'nd',
E               ),
E               (
E                   b' ',
E                   b'd',
E               ),
E               (
E                   b'a',
E                   b'n',
E               ),
E               (
E                   b'a',
E                   b'r',
E               ),
E               (
E                   b' t',
E                   b'o',
E               ),
E               (
E                   b'o',
E                   b'm',
E               ),
E               (
E                   b' t',
E                   b'h',
E               ),
E               (
E                   b'i',
E                   b'c',
E               ),
E               (
E                   b'i',
E                   b'on',
E               ),
E               (
E                   b' ',
E                   b'h',
E               ),
E               (
E                   b' ',
E                   b'l',
E               ),
E               (
E                   b' ',
E                   b'y',
E               ),
E               (
E                   b' ',
E                   b'e',
E               ),
E               (
E                   b'a',
E                   b's',
E               ),
E               (
E                   b'o',
E                   b't',
E               ),
E               (
E                   b'i',
E                   b'l',
E               ),
E               (
E                   b' ',
E                   b'n',
E               ),
E               (
E                   b' ',
E                   b'u',
E               ),
E               (
E                   b'en',
E                   b't',
E               ),
E               (
E                   b' b',
E                   b'e',
E               ),
E               (
E                   b' ',
E                   b'&',
E               ),
E               (
E                   b' ',
E                   b'is',
E               ),
E               (
E                   b' y',
E                   b'ou',
E               ),
E               (
E                   b'o',
E                   b's',
E               ),
E               (
E                   b' ',
E                   b're',
E               ),
E               (
E                   b'e',
E                   b't',
E               ),
E               (
E                   b' f',
E                   b'or',
E               ),
E               (
E                   b'u',
E                   b't',
E               ),
E               (
E                   b'e',
E                   b'l',
E               ),
E               (
E                   b' ',
E                   b'g',
E               ),
E               (
E                   b'a',
E                   b'y',
E               ),
E               (
E                   b's',
E                   b't',
E               ),
E               (
E                   b'o',
E                   b'w',
E               ),
E               (
E                   b'l',
E                   b'e',
E               ),
E               (
E                   b'c',
E                   b'e',
E               ),
E               (
E                   b'a',
E                   b'd',
E               ),
E               (
E                   b' o',
E                   b'n',
E               ),
E               (
E                   b' ',
E                   b'I',
E               ),
E               (
E                   b'v',
E                   b'er',
E               ),
E               (
E                   b'v',
E                   b'e',
E               ),
E               (
E                   b' ',
E                   b'A',
E               ),
E               (
E                   b'u',
E                   b'r',
E               ),
E               (
E                   b'o',
E                   b'l',
E               ),
E               (
E                   b'c',
E                   b't',
E               ),
E               (
E                   b'q',
E                   b'u',
E               ),
E               (
E                   b' th',
E                   b'at',
E               ),
E               (
E                   b'i',
E                   b'm',
E               ),
E               (
E                   b'al',
E                   b'l',
E               ),
E               (
E                   b'a',
E                   b'm',
E               ),
E               (
E                   b'i',
E                   b'g',
E               ),
E               (
E                   b'c',
E                   b'h',
E               ),
E               (
E                   b'at',
E                   b'ion',
E               ),
E               (
E                   b' ',
E                   b'P',
E               ),
E               (
E                   b'it',
E                   b'h',
E               ),
E               (
E                   b'i',
E                   b'r',
E               ),
E               (
E                   b' ',
E                   b'S',
E               ),
E               (
E                   b' ',
E                   b'it',
E               ),
E               (
E                   b' p',
E                   b'r',
E               ),
E               (
E                   b'a',
E                   b'p',
E               ),
E               (
E                   b' s',
E                   b'h',
E               ),
E               (
E                   b' ',
E                   b'C',
E               ),
E               (
E         -         b't',
E         -         b'h',
E         -     ),
E         -     (
E                   b' c',
E                   b'om',
E               ),
E               (
E         +         b't',
E         +         b'h',
E         +     ),
E         +     (
E                   b' ',
E                   b'@',
E               ),
E               (
E                   b' w',
E                   b'h',
E               ),
E               (
E         +         b' @',
E                   b'-',
E         +     ),
E         +     (
E         +         b' @-',
E                   b'@',
E               ),
E               (
E                   b' a',
E                   b're',
E               ),
E               (
E         -         b' @',
E         -         b'-@',
E         -     ),
E         -     (
E         -         b'n',
E         -         b't',
E         -     ),
E         -     (
E         -         b'i',
E         -         b'd',
E         -     ),
E         -     (
E                   b' w',
E                   b'ith',
E               ),
E               (
E         +         b'n',
E         +         b't',
E         +     ),
E         +     (
E         +         b'i',
E         +         b'd',
E         +     ),
E         +     (
E                   b' a',
E                   b'l',
E               ),
E               (
E                   b'o',
E                   b'p',
E               ),
E               (
E                   b' u',
E                   b's',
E               ),
E               (
E                   b'er',
E                   b's',
E               ),
E               (
E                   b' a',
E                   b's',
E               ),
E               (
E                   b't',
E                   b'he',
E               ),
E               (
E                   b'a',
E                   b'nd',
E               ),
E               (
E                   b'i',
E                   b'f',
E               ),
E               (
E                   b'or',
E                   b'd',
E               ),
E               (
E                   b'o',
E                   b'd',
E               ),
E               (
E                   b' ',
E                   b'he',
E               ),
E               (
E                   b'is',
E                   b't',
E               ),
E               (
E                   b'qu',
E                   b'ot',
E               ),
E               (
E                   b'm',
E                   b'ent',
E               ),
E               (
E                   b' ',
E                   b'M',
E               ),
E               (
E                   b' o',
E                   b'r',
E               ),
E               (
E                   b'o',
E                   b're',
E               ),
E               (
E                   b' ',
E                   b'G',
E               ),
E               (
E                   b' f',
E                   b'r',
E               ),
E               (
E                   b'il',
E                   b'l',
E               ),
E               (
E         +         b' s',
E         +         b't',
E         +     ),
E         +     (
E                   b're',
E                   b's',
E               ),
E               (
E         -         b' s',
E         -         b't',
E         -     ),
E         -     (
E                   b'es',
E                   b's',
E         -     ),
E         -     (
E         -         b'l',
E         -         b'd',
E               ),
E               (
E                   b' th',
E                   b'is',
E               ),
E               (
E         +         b'l',
E         +         b'd',
E         +     ),
E         +     (
E                   b' ',
E                   b'2',
E               ),
E               (
E                   b'ar',
E                   b't',
E               ),
E               (
E                   b' ',
E                   b';',
E               ),
E               (
E                   b' ',
E                   b'L',
E               ),
E               (
E                   b'l',
E                   b'y',
E               ),
E               (
E                   b'a',
E                   b'in',
E         -     ),
E         -     (
E         -         b'u',
E         -         b'l',
E               ),
E               (
E                   b' d',
E                   b'e',
E               ),
E               (
E                   b' c',
E                   b'on',
E               ),
E               (
E         +         b'u',
E         +         b'l',
E         +     ),
E         +     (
E                   b'es',
E                   b't',
E               ),
E               (
E         +         b' fr',
E         -         b's',
E         ?           ^
E         +         b'om',
E         ?           ^^
E         -         b'e',
E               ),
E               (
E                   b'ap',
E                   b'os',
E               ),
E               (
E         -         b'a',
E         -         b'g',
E         -     ),
E         -     (
E         -         b' fr',
E         -         b'om',
E         -     ),
E         -     (
E                   b' a',
E                   b'n',
E               ),
E               (
E         +         b's',
E         +         b'e',
E         +     ),
E         +     (
E         +         b'a',
E         +         b'g',
E         +     ),
E         +     (
E                   b' w',
E                   b'e',
E               ),
E               (
E                   b' ',
E                   b'(',
E               ),
E               (
E                   b'0',
E                   b'0',
E               ),
E               (
E                   b't',
E                   b'er',
E               ),
E               (
E                   b' ',
E                   b'E',
E               ),
E               (
E         -         b'e',
E         -         b'm',
E         -     ),
E         -     (
E         -         b'a',
E         -         b've',
E         -     ),
E         -     (
E                   b' n',
E                   b'ot',
E               ),
E               (
E         +         b'e',
E         +         b'm',
E         +     ),
E         +     (
E         +         b'a',
E         +         b've',
E         +     ),
E         +     (
E                   b' ',
E                   b')',
E               ),
E               (
E                   b' ',
E                   b'1',
E               ),
E               (
E                   b' you',
E                   b'r',
E               ),
E               (
E         +         b' b',
E         -         b'o',
E         ?           ^
E         +         b'y',
E         ?           ^
E         -         b'c',
E               ),
E               (
E                   b' c',
E                   b'an',
E               ),
E               (
E         -         b' b',
E         -         b'y',
E         ?           ^
E         +         b'o',
E         ?           ^
E         +         b'c',
E               ),
E               (
E                   b' ',
E                   b'D',
E               ),
E               (
E                   b' n',
E                   b'e',
E               ),
E               (
E                   b' ',
E                   b'v',
E               ),
E               (
E         +         b' al',
E         +         b'l',
E         +     ),
E         +     (
E                   b'ig',
E                   b'h',
E               ),
E               (
E                   b'ic',
E                   b'h',
E         -     ),
E         -     (
E         -         b' al',
E         -         b'l',
E               ),
E               (
E                   b'r',
E                   b'i',
E               ),
E               (
E                   b' u',
E                   b'p',
E               ),
E               (
E                   b' ',
E                   b'r',
E               ),
E               (
E                   b' ',
E                   b'W',
E               ),
E               (
E                   b'b',
E                   b'le',
E               ),
E               (
E                   b' the',
E                   b'y',
E               ),
E               (
E                   b' ',
E                   b'B',
E               ),
E               (
E         -         b'u',
E         -         b'n',
E         -     ),
E         -     (
E         -         b' y',
E         -         b'e',
E         -     ),
E         -     (
E                   b' wh',
E                   b'ich',
E               ),
E               (
E         +         b' y',
E         +         b'e',
E         +     ),
E         +     (
E         +         b'u',
E         +         b'n',
E         +     ),
E         +     (
E                   b' ',
E                   b'O',
E               ),
E               (
E                   b'k',
E                   b'e',
E               ),
E               (
E                   b' w',
E                   b'or',
E               ),
E               (
E                   b' s',
E                   b'u',
E               ),
E               (
E                   b' ',
E                   b'F',
E               ),
E               (
E                   b' ',
E                   b'H',
E               ),
E               (
E                   b' h',
E                   b'ave',
E               ),
E               (
E         -         b'at',
E         -         b'e',
E         -     ),
E         -     (
E                   b' sh',
E                   b'all',
E               ),
E               (
E                   b' c',
E                   b'h',
E               ),
E               (
E         +         b'at',
E         +         b'e',
E         +     ),
E         +     (
E                   b'e',
E                   b'ct',
E               ),
E               (
E                   b'it',
E                   b'y',
E               ),
E               (
E                   b' s',
E                   b'p',
E               ),
E               (
E         +         b'igh',
E         +         b't',
E         +     ),
E         +     (
E                   b'res',
E                   b's',
E               ),
E               (
E         -         b'igh',
E         ?           ^^^
E         +         b' com',
E         ?           ^^^^
E         -         b't',
E         ?           ^
E         +         b'p',
E         ?           ^
E               ),
E               (
E                   b' w',
E                   b'ill',
E               ),
E               (
E         -         b' com',
E         -         b'p',
E         -     ),
E         -     (
E         -         b'or',
E         -         b't',
E         -     ),
E         -     (
E         -         b'an',
E         -         b't',
E         -     ),
E         -     (
E                   b' &',
E                   b'#',
E               ),
E               (
E         +         b'an',
E         +         b't',
E         +     ),
E         +     (
E         +         b'or',
E         +         b't',
E         +     ),
E         +     (
E                   b'i',
E                   b've',
E               ),
E               (
E                   b'a',
E                   b're',
E               ),
E               (
E                   b'.',
E                   b'.',
E               ),
E               (
E         +         b' A',
E         +         b'nd',
E         +     ),
E         +     (
E                   b' e',
E                   b'x',
E               ),
E               (
E         -         b' A',
E         -         b'nd',
E         -     ),
E         -     (
E                   b' .',
E                   b'..',
E               ),
E               (
E                   b'as',
E                   b't',
E               ),
E               (
E                   b'2',
E                   b'4',
E               ),
E               (
E                   b' ',
E                   b'T',
E               ),
E               (
E                   b'ou',
E                   b'ld',
E               ),
E               (
E         +         b' t',
E         +         b'r',
E         +     ),
E         +     (
E                   b'v',
E                   b'en',
E               ),
E               (
E         -         b' t',
E         -         b'r',
E         -     ),
E         -     (
E                   b'u',
E                   b'st',
E               ),
E               (
E         +         b' u',
E         +         b'nt',
E         +     ),
E         +     (
E         +         b'ou',
E         +         b't',
E         +     ),
E         +     (
E         +         b' s',
E         +         b'e',
E         +     ),
E         +     (
E                   b'u',
E                   b'm',
E         -     ),
E         -     (
E         -         b'ou',
E         -         b't',
E               ),
E               (
E                   b'c',
E                   b'om',
E               ),
E               (
E         -         b' u',
E         -         b'nt',
E         -     ),
E         -     (
E         -         b' s',
E         -         b'e',
E         -     ),
E         -     (
E                   b'f',
E                   b't',
E               ),
E               (
E         +         b' unt',
E         +         b'o',
E         +     ),
E         +     (
E         +         b' pr',
E         +         b'o',
E         +     ),
E         +     (
E         +         b'os',
E         +         b't',
E         +     ),
E         +     (
E         +         b'ion',
E         +         b's',
E         +     ),
E         +     (
E         +         b'is',
E         +         b'h',
E         +     ),
E         +     (
E                   b're',
E                   b'e',
E               ),
E               (
E         +         b'l',
E         -         b'os',
E         ?            -
E         +         b'o',
E         -         b't',
E         -     ),
E         -     (
E         -         b'o',
E         -         b'g',
E         -     ),
E         -     (
E         -         b'is',
E         -         b'h',
E         -     ),
E         -     (
E         -         b'ion',
E         -         b's',
E               ),
E               (
E                   b'i',
E                   b'z',
E               ),
E               (
E                   b'1',
E                   b'24',
E               ),
E               (
E         -         b' unt',
E         -         b'o',
E         -     ),
E         -     (
E                   b'm',
E                   b'er',
E               ),
E               (
E                   b'ing',
E                   b's',
E               ),
E               (
E                   b' a',
E                   b'c',
E               ),
E               (
E                   b'th',
E                   b'is',
E               ),
E               (
E                   b'at',
E                   b'ed',
E               ),
E               (
E                   b'a',
E                   b'c',
E               ),
E               (
E         -         b'l',
E         -         b'u',
E         -     ),
E         -     (
E         -         b'e',
E         -         b're',
E         -     ),
E         -     (
E                   b' m',
E                   b'an',
E               ),
E               (
E         +         b'l',
E         +         b'u',
E         +     ),
E         +     (
E         +         b'e',
E         +         b're',
E         +     ),
E         +     (
E         +         b' m',
E         +         b'y',
E         +     ),
E         +     (
E         +         b' a',
E         +         b't',
E         +     ),
E         +     (
E                   b'f',
E                   b'or',
E               ),
E               (
E         -         b' m',
E         -         b'y',
E         -     ),
E         -     (
E         -         b' a',
E         ?           -
E         +         b'ag',
E         ?            +
E         -         b't',
E         ?           ^
E         +         b'e',
E         ?           ^
E               ),
E               (
E                   b'i',
E                   b'es',
E               ),
E               (
E         -         b'ag',
E         ?            ^
E         +         b'an',
E         ?            ^
E         -         b'e',
E         ?           ^
E         +         b's',
E         ?           ^
E               ),
E               (
E                   b'r',
E                   b'ou',
E               ),
E               (
E         +         b' wor',
E         -         b'l',
E         ?           ^
E         +         b'k',
E         ?           ^
E         -         b'o',
E               ),
E               (
E         -         b'an',
E         ?           ^
E         +         b'in',
E         ?           ^
E         -         b's',
E         ?           ^
E         +         b'd',
E         ?           ^
E               ),
E               (
E                   b'p',
E                   b'p',
E               ),
E               (
E         +         b' s',
E         -         b'in',
E         ?            ^
E         +         b'it',
E         ?            ^
E         -         b'd',
E         -     ),
E         -     (
E         -         b' wor',
E         -         b'k',
E               ),
E               (
E                   b'he',
E                   b're',
E               ),
E               (
E                   b'f',
E                   b'ore',
E               ),
E               (
E         -         b' s',
E         -         b'it',
E         -     ),
E         -     (
E                   b' ',
E                   b'ver',
E               ),
E           ]

tests/test_train_bpe.py:50: AssertionError
________________________ test_train_bpe_special_tokens _________________________

snapshot = <tests.conftest.Snapshot object at 0x1157a92b0>

    def test_train_bpe_special_tokens(snapshot):
        """
        Ensure that the special tokens are added to the vocabulary and not
        merged with other tokens.
        """
        input_path = FIXTURES_PATH / "tinystories_sample_5M.txt"
        vocab, merges = run_train_bpe(
            input_path=input_path,
            vocab_size=1000,
            special_tokens=["<|endoftext|>"],
        )
    
        # Check that the special token is not in the vocab
        vocabs_without_specials = [word for word in vocab.values() if word != b"<|endoftext|>"]
        for word_bytes in vocabs_without_specials:
            assert b"<|" not in word_bytes
    
>       snapshot.assert_match(
            {
                "vocab_keys": set(vocab.keys()),
                "vocab_values": set(vocab.values()),
                "merges": merges,
            },
        )

tests/test_train_bpe.py:82: 
_ _ _ _ _ _ _ _ _ _ _ _ _ _ _ _ _ _ _ _ _ _ _ _ _ _ _ _ _ _ _ _ _ _ _ _ _ _ _ _ 

self = <tests.conftest.Snapshot object at 0x1157a92b0>
actual = {'merges': [(b'h', b'e'), (b' ', b't'), (b' ', b'a'), (b' ', b's'), (b' ', b'w'), (b'n', b'd'), ...], 'vocab_keys': {0, 1, 2, 3, 4, 5, ...}, 'vocab_values': {b'\x00', b'\x01', b'\x02', b'\x03', b'\x04', b'\x05', ...}}
test_name = 'test_train_bpe_special_tokens', force_update = False

    def assert_match(
        self,
        actual: A | dict[str, A],
        test_name: str | type[DEFAULT] = DEFAULT,
        force_update: bool | type[DEFAULT] = DEFAULT,
    ):
        """
        Assert that the actual data matches the snapshot.
        Args:
            actual: Single object or dictionary of named objects
            test_name: The name of the test (used for the snapshot file)
            force_update: If True, update the snapshot instead of comparing
        """
    
        if force_update is DEFAULT:
            force_update = self.default_force_update
        if test_name is DEFAULT:
            assert self.default_test_name is not None, "Test name must be provided or set as default"
            test_name = self.default_test_name
    
        snapshot_path = self._get_snapshot_path(test_name)
    
        # Load the snapshot
        with open(snapshot_path, "rb") as f:
            expected_data = pickle.load(f)
    
        if isinstance(actual, dict):
            for key in actual:
                if key not in expected_data:
                    raise AssertionError(f"Key '{key}' not found in snapshot for {test_name}")
>               assert actual[key] == expected_data[key], (
                    f"Data for key '{key}' does not match snapshot for {test_name}"
                )
E               AssertionError: Data for key 'merges' does not match snapshot for test_train_bpe_special_tokens
E               assert [(b'h', b'e'), (b' ', b't'), (b' ', b'a'), (b' ', b's'), (b' ', b'w'), (b'n', b'd'), (b' t', b'he'), (b'e', b'd'), (b' ', b'b'), (b' t', b'o'), (b' a', b'nd'), (b' ', b'h'), (b' ', b'f'), (b'i', b'n'), (b' w', b'a'), (b' ', b'T'), (b'i', b't'), (b'r', b'e'), (b'o', b'u'), (b' ', b'l'), (b' ', b'd'), (b' ', b'c'), (b' ', b'p'), (b'a', b'y'), (b' wa', b's'), (b'e', b'r'), (b' ', b'm'), (b'o', b'm'), (b' ', b'he'), (b' T', b'he'), (b'i', b's'), (b' ', b'n'), (b'o', b'n'), (b'a', b'r'), (b' s', b'a'), (b'i', b'm'), (b'l', b'l'), (b'i', b'd'), (b' h', b'a'), (b' ', b'g'), (b' ', b'S'), (b'a', b't'), (b'in', b'g'), (b'o', b't'), (b'e', b'n'), (b'a', b'n'), (b'l', b'e'), (b'o', b'r'), (b'i', b'r'), (b' ', b'H'), (b'a', b'm'), (b'e', b't'), (b' ', b'it'), (b' t', b'h'), (b'i', b'g'), (b' The', b'y'), (b'i', b'l'), (b' ', b'in'), (b' H', b'e'), (b' p', b'l'), (b' ', b'"'), (b'o', b'w'), (b'v', b'er'), (b'r', b'i'), (b' ', b'u'), (b'u', b't'), (b' d', b'ay'), (b' sa', b'id'), (b'it', b'h'), (b'p', b'p'), (b' pl', b'ay'), (b' b', b'e'), (b'O', b'n'), (b' w', b'ith'), (b' ', b'o'), (b' ', b'y'), (b' he', b'r'), (b' ', b'r'), (b'o', b'o'), (b'k', b'ed'), (b'c', b'e'), (b' S', b'he'), (b' h', b'is'), (b' ', b'I'), (b'l', b'd'), (b' s', b't'), (b' T', b'im'), (b'k', b'e'), (b' ', b'e'), (b'n', b't'), (b'c', b'k'), (b' b', b'ig'), (b'ver', b'y'), (b' y', b'ou'), (b'v', b'e'), (b's', b't'), (b' ha', b'pp'), (b' ', b'on'), (b'e', b'nd'), (b'u', b'n'), (b'a', b'll'), (b'il', b'y'), (b'ri', b'end'), (b' f', b'riend'), (b' ', b'L'), (b' u', b'p'), (b' the', b'y'), (b' wa', b'nt'), (b' ha', b'd'), (b' w', b'e'), (b' n', b'ot'), (b'he', b'r'), (b' l', b'i'), (b'it', b't'), (b' d', b'o'), (b' o', b'f'), (b' ', b'B'), (b'a', b'd'), (b'e', b's'), (b' happ', b'y'), (b' ', b'M'), (b'en', b't'), (b' ', b'very'), (b' th', b'at'), (b'On', b'e'), (b' sa', b'w'), (b' m', b'om'), (b'ou', b'ld'), (b"'", b's'), (b's', b'e'), (b' f', b'or'), (b'itt', b'le'), (b' l', b'ittle'), (b' s', b'o'), (b' s', b'he'), (b' s', b'h'), (b'im', b'e'), (b' ', b'k'), (b' t', b'ime'), (b' n', b'e'), (b' n', b'am'), (b'c', b'h'), (b' the', b're'), (b'.', b'"'), (b'ou', b'nd'), (b' b', b'o'), (b' nam', b'ed'), (b' L', b'ily'), (b'ir', b'd'), (b' s', b'm'), (b' want', b'ed'), (b' b', b'ird'), (b' T', b'om'), (b'v', b'ed'), (b' we', b're'), (b' b', b'ut'), (b'T', b'he'), (b' friend', b's'), (b'!', b'"'), (b'ou', b't'), (b'h', b't'), (b'e', b'l'), (b'a', b'ke'), (b'a', b'l'), (b' a', b'n'), (b' to', b'o'), (b'id', b'e'), (b' he', b'l'), (b'On', b'ce'), (b' w', b'h'), (b' hel', b'p'), (b'u', b'g'), (b'om', b'e'), (b' w', b'ent'), (b' a', b'll'), (b' I', b't'), (b' ', b'A'), (b' l', b'oo'), (b' ', b'is'), (b' up', b'on'), (b' l', b'o'), (b'u', b'e'), (b't', b'er'), (b'r', b'y'), (b'o', b're'), (b'i', b'nd'), (b'g', b'et'), (b' f', b'un'), (b' to', b'y'), (b'i', b'll'), (b'a', b'ck'), (b'get', b'her'), (b' a', b't'), (b' ', b'j'), (b' a', b's'), (b' d', b'id'), (b'am', b'e'), (b' ', b're'), (b' to', b'gether'), (b'u', b'r'), (b' c', b'at'), (b'r', b'a'), (b' do', b'g'), (b' s', b'e'), (b'l', b'y'), (b' t', b're'), (b'oo', b'd'), (b' g', b'ir'), (b' c', b'an'), (b'i', b'c'), (b' b', b'all'), (b'm', b'y'), (b' gir', b'l'), (b' c', b'ould'), (b'ar', b'd'), (b't', b'ed'), (b' h', b'im'), (b' the', b'ir'), (b'e', b'c'), (b'ar', b'k'), (b' r', b'o'), (b'w', b'ay'), (b' k', b'n'), (b' play', b'ed'), (b'?', b'"'), (b'he', b'd'), (b' f', b'r'), (b'a', b'in'), (b'he', b'n'), (b' l', b'e'), (b' ', b'out'), (b'u', b'm'), (b"'", b't'), (b' g', b'o'), (b'a', b'x'), (b' the', b'm'), (b' a', b're'), (b' bo', b'y'), (b' sa', b'd'), (b'u', b'l'), (b'ou', b'g'), (b' ha', b've'), (b' tre', b'e'), (b' c', b'l'), (b' lo', b'ved'), (b'ot', b'her'), (b' b', b'ack'), (b' loo', b'ked'), (b' s', b'p'), (b' f', b'ound'), (b'ow', b'n'), (b'on', b'e'), (b' M', b'ax'), (b' m', b'e'), (b' s', b'c'), (b' m', b'an'), (b'a', b're'), (b' st', b'ar'), (b' S', b'ue'), (b'h', b'ing'), (b's', b'ide'), (b' p', b'ark'), (b'on', b'g'), (b'o', b'p'), (b'f', b'ul'), (b' be', b'c'), (b' li', b'ke'), (b' w', b'ould'), (b' li', b'ked'), (b'el', b't'), (b'r', b'ound'), (b' ', b'One'), (b' f', b'elt'), (b'ig', b'ht'), (b' f', b'a'), (b' B', b'en'), (b' l', b'a'), (b' ', b'W'), (b' m', b'ake'), (b'e', b'll'), (b' B', b'ut'), (b'Y', b'ou'), (b' as', b'ked'), (b' ne', b'w'), (b'i', b'ce'), (b'il', b'ed'), (b's', b's'), (b'ar', b'ed'), (b'a', b'g'), (b' S', b'am'), (b'oug', b'ht'), (b' se', b'e'), (b'om', b'et'), (b' a', b'l'), (b' star', b'ted'), (b' a', b'g'), (b' c', b'ame'), (b' n', b'o'), (b' sm', b'iled'), (b' c', b'ar'), (b' ', b'other'), (b'ri', b'ed'), (b' s', b'omet'), (b' g', b'ood'), (b' b', b'r'), (b' s', b'ay'), (b' sm', b'all'), (b'ad', b'e'), (b'p', b'ot'), (b'o', b'b'), (b'ing', b's'), (b' w', b'or'), (b' a', b'way'), (b'a', b'b'), (b'ou', b'se'), (b' f', b'ind'), (b'u', b's'), (b' e', b'x'), (b' fr', b'om'), (b' p', b'ut'), (b't', b'y'), (b' th', b'ought'), (b' wh', b'at'), (b' m', b'ade'), (b' play', b'ing'), (b'en', b'ed'), (b'i', b'e'), (b' h', b'ome'), (b' wa', b'l'), (b'k', b'ing'), (b'a', b'ch'), (b' somet', b'hing'), (b'i', b'a'), (b'i', b'le'), (b' e', b'very'), (b' r', b'an'), (b' S', b'pot'), (b' ag', b'ain'), (b' ', b'F'), (b' c', b'o'), (b'a', b've'), (b'ar', b'n'), (b'u', b'c'), (b' bo', b'x'), (b' d', b'own'), (b'd', b'd'), (b' toy', b's'), (b'oo', b'k'), (b' ', b'J'), (b' p', b'r'), (b' too', b'k'), (b' s', b'w'), (b' s', b'ome'), (b'i', b'f'), (b' la', b'ug'), (b'ou', b'd'), (b' s', b'un'), (b'u', b'st'), (b'e', b'w'), (b' a', b'round'), (b'n', b'y'), (b' sc', b'ared'), (b' li', b'ved'), (b' le', b'arn'), (b' w', b'ill'), (b' m', b'y'), (b' f', b'l'), (b'u', b're'), (b' you', b'r'), (b'i', b'ck'), (b're', b't'), (b'e', b'p'), (b' h', b'ouse'), (b' w', b'hen'), (b' ', b'You'), (b' th', b'ings'), (b' b', b'l'), (b',', b'"'), (b'an', b'k'), (b'u', b'ck'), (b' the', b'n'), (b'pp', b'ed'), (b' M', b'ia'), (b'is', b't'), (b'T', b'h'), (b' b', b'ot'), (b' a', b'b'), (b'is', b'h'), (b' wh', b'o'), (b' g', b'et'), (b' kn', b'ow'), (b'uc', b'y'), (b' f', b'e'), (b'a', b's'), (b' t', b'ried'), (b' g', b'ot'), (b' kn', b'ew'), (b'it', b'ed'), (b' l', b'ot'), (b'u', b'ch'), (b' say', b's'), (b'all', b'y'), (b'a', b'p'), (b' in', b't'), (b' c', b'h'), (b'i', b've'), (b' r', b'ed'), (b'T', b'im'), (b'nd', b'er'), (b'um', b'p'), (b'L', b'ily'), (b' p', b'ret'), (b' ab', b'out'), (b'ou', b's'), (b' c', b'are'), (b'f', b'ter'), (b' d', b'ec'), (b' S', b'o'), (b' o', b'p'), (b'f', b'e'), (b' loo', b'k'), (b' ', b'D'), (b' man', b'y'), (b'u', b'se'), (b' u', b'n'), (b' m', b'ore'), (b'is', b'e'), (b'way', b's'), (b' ', b'E'), (b'n', b'n'), (b' ex', b'c'), (b' M', b'om'), (b' al', b'ways'), (b' p', b'ic'), (b' p', b'o'), (b'\xe2', b'\x80'), (b' be', b'st'), (b'q', b'u'), (b' an', b'y'), (b' bot', b'h'), (b' sh', b'ow'), (b' L', b'ucy'), (b' ro', b'om'), (b'it', b'e'), (b' h', b'ug'), (b'a', b'ce'), (b'er', b's'), (b' int', b'o'), (b'a', b'use'), (b' bec', b'ame'), (b' wa', b'ter'), (b' out', b'side'), (b' learn', b'ed'), (b' laug', b'hed'), (b'u', b'dd'), (b' d', b'ad'), (b'id', b'ed'), (b'an', b't'), (b' bec', b'ause'), (b' on', b'e'), (b' g', b're'), (b' p', b'e'), (b' dec', b'ided'), (b' A', b'nd'), (b'p', b'r'), (b' exc', b'ited'), (b' ', b'v'), (b' n', b'ice'), (b'Y', b'es'), (b' h', b'o'), (b'nn', b'a'), (b' ', b'ke'), (b' e', b'at'), (b' s', b'or'), (b' th', b'is'), (b'ar', b'a'), (b' j', b'ump'), (b' l', b'ong'), (b' fe', b'el'), (b'The', b'y'), (b' B', b'ob'), (b'T', b'om'), (b' m', b'o'), (b' to', b'ld'), (b' r', b'un'), (b'u', b'll'), (b'in', b'k'), (b' s', b'ur'), (b' ro', b'ck'), (b' in', b'side'), (b' pret', b'ty'), (b' s', b'l'), (b' s', b'k'), (b'le', b'w'), (b'in', b'y'), (b' t', b'ake'), (b' a', b'm'), (b' g', b'ave'), (b' sur', b'pr'), (b' fa', b'st'), (b' e', b'ach'), (b' to', b'w'), (b'ou', b'r'), (b'es', b's'), (b'r', b'o'), (b'v', b'en'), (b' sor', b'ry'), (b'g', b'ed'), (b' ne', b'ed'), (b' ', b'or'), (b' m', b'uch'), (b' th', b'an'), (b'ur', b't'), (b' h', b'ow'), (b'is', b'ed'), (b' st', b'r'), (b'ab', b'le'), (b' u', b'nder'), (b'W', b'h'), (b'o', b'g'), (b' k', b'ind'), (b'g', b'e'), (b'a', b'nd'), (b' g', b'ra'), (b' A', b'my'), (b'im', b'al'), (b' an', b'imal'), (b'v', b'ing'), (b'f', b't'), (b' t', b'a'), (b' f', b'ood'), (b'B', b'ut'), (b'et', b'ter'), (b'C', b'an'), (b' wal', b'ked'), (b' W', b'e'), (b' t', b'r'), (b' wa', b't'), (b' ha', b'nd'), (b' o', b'ld'), (b' H', b'is'), (b' l', b'ist'), (b' h', b'ig'), (b'f', b'f'), (b' cl', b'o'), (b' j', b'ust'), (b' fl', b'ow'), (b' ', b'en'), (b'r', b'om'), (b' c', b'le'), (b'c', b'hed'), (b' did', b'n'), (b'ur', b'n'), (b' ', b'ide'), (b'ec', b'i'), (b'M', b'om'), (b' t', b'ry'), (b'a', b'se'), (b' ide', b'a'), (b' d', b'an'), (b'he', b're'), (b'i', b'on'), (b' sk', b'y'), (b' it', b's'), (b'eci', b'al'), (b' sp', b'ecial'), (b' ne', b'ar'), (b' f', b'lew'), (b' u', b's'), (b' A', b'nna'), (b' happ', b'ened'), (b' t', b'w'), (b'p', b'l'), (b' f', b'o'), (b'g', b'ry'), (b'in', b'e'), (b' f', b'i'), (b' s', b'n'), (b' T', b'h'), (b'Th', b'ank'), (b' ', b'if'), (b' c', b'ake'), (b' f', b'ish'), (b'b', b'er'), (b' animal', b's'), (b' st', b'or'), (b' o', b'ver'), (b' b', b'ug'), (b'l', b'f'), (b' he', b'ard'), (b' care', b'ful'), (b'at', b'e'), (b'e', b'x'), (b' c', b'om'), (b'udd', b'en'), (b'r', b'm'), (b' b', b'etter'), (b' lot', b's'), (b' b', b'y'), (b' l', b'et'), (b' h', b'ard'), (b' ne', b'ver'), (b' w', b'ind'), (b' be', b'ar'), (b' h', b'urt'), (b' sh', b'are'), (b'op', b'le'), (b' E', b'very'), (b' d', b're'), (b'udden', b'ly'), (b'm', b'ore'), (b' any', b'more'), (b' e', b'ven'), (b' t', b'e'), (b'or', b't'), (b' t', b'al'), (b'p', b'ec'), (b' S', b'ara'), (b' f', b'ly'), (b' lo', b've'), (b' sa', b'fe'), (b'ad', b'y'), (b' b', b'u'), (b' e', b'nd'), (b' d', b'on'), (b' ', b'K'), (b' f', b'ore'), (b'\n', b'\n'), (b' g', b'ive'), (b' pe', b'ople'), (b' a', b'fter'), (b' cle', b'an'), (b' op', b'ened'), (b' pr', b'oud'), (b'u', b'ff'), (b' hig', b'h'), (b' g', b'r'), (b' f', b'am'), (b'b', b'ed'), (b"'", b'm'), (b' b', b'ad'), (b' do', b'or'), (b' surpr', b'ised'), (b' The', b'n'), (b'itt', b'y'), (b' t', b'urn'), (b'a', b'k'), (b' g', b'l'), (b'A', b's'), (b' F', b'rom'), (b'ag', b'e'), (b'oug', b'h'), (b'um', b'my'), (b' g', b'round'), (b' cl', b'im'), (b' H', b'er'), (b' than', b'ked'), (b' ', b'im'), (b' W', b'hen'), (b'i', b'z'), (b' bl', b'ue'), (b' c', b'all'), (b' b', b'ook'), (b'ard', b'en'), (b' g', b'arden'), (b'k', b'ay'), (b'il', b'd'), (b' f', b'ar'), (b' e', b'ver'), (b' m', b'a'), (b' wa', b'y'), (b'pec', b'ted'), (b' hug', b'ged'), (b' c', b'he'), (b' co', b'l'), (b' sh', b'iny'), (b' pic', b'ked'), (b'L', b'et'), (b' sm', b'ile'), (b' m', b'ag'), (b' l', b'oud'), (b' c', b'u'), (b' of', b'f'), (b' sh', b'ould'), (b' I', b'n'), (b' c', b'ome'), (b'ex', b'pected'), (b' un', b'expected'), (b'x', b't'), (b' ne', b'xt'), (b' st', b'ick'), (b' pl', b'ace'), (b' wal', b'k'), (b' ', b'N'), (b' fam', b'ily'), (b't', b'ure'), (b'he', b's'), (b'e', b'm'), (b' ', b'qu'), (b' col', b'or'), (b'b', b'y'), (b' ', b'P'), (b' st', b'ill'), (b' u', b'nt'), (b'i', b'p'), (b' str', b'ong'), (b' gre', b'at'), (b' bo', b'at'), (b' a', b'pp'), (b'le', b's'), (b' ha', b't'), (b' happ', b'ily'), (b'o', b'y'), (b' br', b'o'), (b' unt', b'il'), (b' jump', b'ed'), (b'oo', b'l'), (b' tow', b'n'), (b' c', b'a'), (b' fr', b'og'), (b'd', b'y'), (b' help', b'ed'), (b' k', b'id'), (b' S', b'ally'), (b' fore', b'st'), (b' st', b'o'), (b'i', b'es'), (b' do', b'll'), (b'or', b'n'), (b'c', b't'), (b'a', b'ut'), (b' s', b'qu'), (b'ar', b'y'), (b' K', b'itty'), (b' be', b'aut'), (b' list', b'en'), (b' show', b'ed'), (b' m', b'et'), (b' n', b'ow'), (b'N', b'o'), (b' mag', b'ic'), (b'uff', b'y'), (b' p', b'ar')] == [(b'h', b'e'), (b' ', b't'), (b' ', b'a'), (b' ', b's'), (b' ', b'w'), (b'n', b'd'), (b' t', b'he'), (b'e', b'd'), (b' ', b'b'), (b' t', b'o'), (b' a', b'nd'), (b' ', b'h'), (b' ', b'f'), (b'i', b'n'), (b' w', b'a'), (b' ', b'T'), (b'i', b't'), (b'r', b'e'), (b'o', b'u'), (b' ', b'l'), (b' ', b'd'), (b' ', b'c'), (b' ', b'p'), (b'a', b'y'), (b' wa', b's'), (b'e', b'r'), (b' ', b'm'), (b'o', b'm'), (b' ', b'he'), (b' T', b'he'), (b'i', b's'), (b' ', b'n'), (b'o', b'n'), (b'a', b'r'), (b'i', b'm'), (b' s', b'a'), (b'l', b'l'), (b'i', b'd'), (b' h', b'a'), (b' ', b'g'), (b' ', b'S'), (b'a', b't'), (b'in', b'g'), (b'o', b't'), (b'e', b'n'), (b'a', b'n'), (b'l', b'e'), (b'o', b'r'), (b'i', b'r'), (b' ', b'H'), (b'a', b'm'), (b'e', b't'), (b' ', b'it'), (b' t', b'h'), (b'i', b'g'), (b' The', b'y'), (b'i', b'l'), (b' ', b'in'), (b' H', b'e'), (b' p', b'l'), (b' ', b'"'), (b'o', b'w'), (b'v', b'er'), (b'r', b'i'), (b' ', b'u'), (b'u', b't'), (b' d', b'ay'), (b' sa', b'id'), (b'it', b'h'), (b'p', b'p'), (b' pl', b'ay'), (b' b', b'e'), (b'O', b'n'), (b' w', b'ith'), (b' ', b'o'), (b' ', b'y'), (b' he', b'r'), (b' ', b'r'), (b'o', b'o'), (b'k', b'ed'), (b'c', b'e'), (b' h', b'is'), (b' S', b'he'), (b' ', b'I'), (b'l', b'd'), (b' s', b't'), (b' T', b'im'), (b'k', b'e'), (b' ', b'e'), (b'n', b't'), (b'c', b'k'), (b' b', b'ig'), (b'ver', b'y'), (b' y', b'ou'), (b'v', b'e'), (b's', b't'), (b' ha', b'pp'), (b' ', b'on'), (b'e', b'nd'), (b'u', b'n'), (b'a', b'll'), (b'il', b'y'), (b'ri', b'end'), (b' f', b'riend'), (b' ', b'L'), (b' u', b'p'), (b' the', b'y'), (b' wa', b'nt'), (b' w', b'e'), (b' ha', b'd'), (b' n', b'ot'), (b'he', b'r'), (b' l', b'i'), (b'it', b't'), (b' d', b'o'), (b' o', b'f'), (b' ', b'B'), (b'a', b'd'), (b'e', b's'), (b' happ', b'y'), (b' ', b'M'), (b'en', b't'), (b' ', b'very'), (b' th', b'at'), (b'On', b'e'), (b' sa', b'w'), (b' m', b'om'), (b'ou', b'ld'), (b"'", b's'), (b's', b'e'), (b' f', b'or'), (b'itt', b'le'), (b' l', b'ittle'), (b' s', b'o'), (b' s', b'he'), (b' s', b'h'), (b'im', b'e'), (b' ', b'k'), (b' t', b'ime'), (b' n', b'e'), (b' n', b'am'), (b'c', b'h'), (b' the', b're'), (b'.', b'"'), (b'ou', b'nd'), (b' b', b'o'), (b' nam', b'ed'), (b' L', b'ily'), (b'ir', b'd'), (b' s', b'm'), (b' want', b'ed'), (b' b', b'ird'), (b' T', b'om'), (b'v', b'ed'), (b' we', b're'), (b' b', b'ut'), (b'T', b'he'), (b' friend', b's'), (b'!', b'"'), (b'ou', b't'), (b'h', b't'), (b'e', b'l'), (b'a', b'ke'), (b'a', b'l'), (b' a', b'n'), (b' to', b'o'), (b'id', b'e'), (b' he', b'l'), (b'On', b'ce'), (b' w', b'h'), (b' hel', b'p'), (b'u', b'g'), (b'om', b'e'), (b' w', b'ent'), (b' a', b'll'), (b' I', b't'), (b' ', b'A'), (b' l', b'oo'), (b' ', b'is'), (b' up', b'on'), (b' l', b'o'), (b'u', b'e'), (b't', b'er'), (b'r', b'y'), (b'o', b're'), (b'i', b'nd'), (b'g', b'et'), (b' f', b'un'), (b' to', b'y'), (b'i', b'll'), (b'a', b'ck'), (b'get', b'her'), (b' a', b't'), (b' ', b'j'), (b' a', b's'), (b' d', b'id'), (b'am', b'e'), (b' ', b're'), (b' to', b'gether'), (b'u', b'r'), (b' c', b'at'), (b'r', b'a'), (b' do', b'g'), (b' s', b'e'), (b'l', b'y'), (b' t', b're'), (b'oo', b'd'), (b' g', b'ir'), (b' c', b'an'), (b'i', b'c'), (b' b', b'all'), (b'm', b'y'), (b' gir', b'l'), (b' c', b'ould'), (b'ar', b'd'), (b't', b'ed'), (b' h', b'im'), (b' the', b'ir'), (b'e', b'c'), (b'ar', b'k'), (b' r', b'o'), (b'w', b'ay'), (b' k', b'n'), (b' play', b'ed'), (b'?', b'"'), (b'he', b'd'), (b' f', b'r'), (b'a', b'in'), (b'he', b'n'), (b' l', b'e'), (b' ', b'out'), (b'u', b'm'), (b"'", b't'), (b'a', b'x'), (b' g', b'o'), (b' the', b'm'), (b' a', b're'), (b' bo', b'y'), (b' sa', b'd'), (b'u', b'l'), (b'ou', b'g'), (b' ha', b've'), (b' tre', b'e'), (b' c', b'l'), (b' lo', b'ved'), (b'ot', b'her'), (b' b', b'ack'), (b' loo', b'ked'), (b' s', b'p'), (b' f', b'ound'), (b'ow', b'n'), (b'on', b'e'), (b' M', b'ax'), (b' m', b'e'), (b' s', b'c'), (b' m', b'an'), (b'a', b're'), (b' st', b'ar'), (b' S', b'ue'), (b'h', b'ing'), (b's', b'ide'), (b' p', b'ark'), (b'on', b'g'), (b'o', b'p'), (b'f', b'ul'), (b' be', b'c'), (b' li', b'ke'), (b' w', b'ould'), (b' li', b'ked'), (b'el', b't'), (b'r', b'ound'), (b' ', b'One'), (b' f', b'elt'), (b'ig', b'ht'), (b' f', b'a'), (b' B', b'en'), (b' l', b'a'), (b' ', b'W'), (b'e', b'll'), (b' m', b'ake'), (b' B', b'ut'), (b'Y', b'ou'), (b' as', b'ked'), (b' ne', b'w'), (b'i', b'ce'), (b'il', b'ed'), (b's', b's'), (b'ar', b'ed'), (b'a', b'g'), (b' S', b'am'), (b'oug', b'ht'), (b' se', b'e'), (b'om', b'et'), (b' a', b'l'), (b' star', b'ted'), (b' a', b'g'), (b' c', b'ame'), (b' n', b'o'), (b' sm', b'iled'), (b' c', b'ar'), (b' ', b'other'), (b'ri', b'ed'), (b' s', b'omet'), (b' g', b'ood'), (b' s', b'ay'), (b' b', b'r'), (b' sm', b'all'), (b'ad', b'e'), (b'p', b'ot'), (b'o', b'b'), (b'ing', b's'), (b' w', b'or'), (b' a', b'way'), (b'a', b'b'), (b'ou', b'se'), (b' f', b'ind'), (b'u', b's'), (b' e', b'x'), (b' fr', b'om'), (b' p', b'ut'), (b't', b'y'), (b' th', b'ought'), (b' wh', b'at'), (b' m', b'ade'), (b'en', b'ed'), (b' play', b'ing'), (b'i', b'e'), (b' h', b'ome'), (b'k', b'ing'), (b' wa', b'l'), (b'a', b'ch'), (b' somet', b'hing'), (b'i', b'a'), (b'i', b'le'), (b' e', b'very'), (b' r', b'an'), (b' S', b'pot'), (b' ag', b'ain'), (b' ', b'F'), (b' c', b'o'), (b'a', b've'), (b'u', b'c'), (b'ar', b'n'), (b' bo', b'x'), (b' d', b'own'), (b'd', b'd'), (b' toy', b's'), (b'oo', b'k'), (b' ', b'J'), (b' p', b'r'), (b' too', b'k'), (b' s', b'w'), (b' s', b'ome'), (b'i', b'f'), (b' la', b'ug'), (b'ou', b'd'), (b'u', b'st'), (b'e', b'w'), (b' s', b'un'), (b' a', b'round'), (b'n', b'y'), (b' sc', b'ared'), (b' li', b'ved'), (b' le', b'arn'), (b' w', b'ill'), (b' m', b'y'), (b' f', b'l'), (b'u', b're'), (b' you', b'r'), (b'i', b'ck'), (b're', b't'), (b'e', b'p'), (b' h', b'ouse'), (b' w', b'hen'), (b' ', b'You'), (b' th', b'ings'), (b' b', b'l'), (b',', b'"'), (b'an', b'k'), (b'u', b'ck'), (b' the', b'n'), (b'pp', b'ed'), (b' M', b'ia'), (b'is', b't'), (b'T', b'h'), (b' b', b'ot'), (b' a', b'b'), (b'is', b'h'), (b' wh', b'o'), (b' g', b'et'), (b' kn', b'ow'), (b'uc', b'y'), (b' f', b'e'), (b'a', b's'), (b' t', b'ried'), (b' g', b'ot'), (b' kn', b'ew'), (b'it', b'ed'), (b' l', b'ot'), (b'u', b'ch'), (b' say', b's'), (b'all', b'y'), (b'a', b'p'), (b' in', b't'), (b' c', b'h'), (b'i', b've'), (b' r', b'ed'), (b'T', b'im'), (b'nd', b'er'), (b'um', b'p'), (b'L', b'ily'), (b' p', b'ret'), (b'ou', b's'), (b' ab', b'out'), (b' c', b'are'), (b'f', b'ter'), (b' d', b'ec'), (b' S', b'o'), (b' o', b'p'), (b'f', b'e'), (b' loo', b'k'), (b' ', b'D'), (b' man', b'y'), (b'u', b'se'), (b' u', b'n'), (b' m', b'ore'), (b'is', b'e'), (b'way', b's'), (b' ', b'E'), (b'n', b'n'), (b' ex', b'c'), (b' M', b'om'), (b' al', b'ways'), (b' p', b'ic'), (b' p', b'o'), (b'\xe2', b'\x80'), (b' be', b'st'), (b'q', b'u'), (b' an', b'y'), (b' sh', b'ow'), (b' bot', b'h'), (b' L', b'ucy'), (b'it', b'e'), (b' ro', b'om'), (b' h', b'ug'), (b'a', b'ce'), (b'er', b's'), (b'a', b'use'), (b' int', b'o'), (b' wa', b'ter'), (b' bec', b'ame'), (b' out', b'side'), (b' learn', b'ed'), (b' laug', b'hed'), (b'u', b'dd'), (b' d', b'ad'), (b'id', b'ed'), (b'an', b't'), (b' bec', b'ause'), (b' on', b'e'), (b' g', b're'), (b' p', b'e'), (b' dec', b'ided'), (b' A', b'nd'), (b'p', b'r'), (b' exc', b'ited'), (b' ', b'v'), (b'Y', b'es'), (b' n', b'ice'), (b' h', b'o'), (b'nn', b'a'), (b' ', b'ke'), (b' e', b'at'), (b' s', b'or'), (b' th', b'is'), (b'ar', b'a'), (b' j', b'ump'), (b' l', b'ong'), (b' fe', b'el'), (b'The', b'y'), (b' B', b'ob'), (b'T', b'om'), (b' m', b'o'), (b' to', b'ld'), (b' r', b'un'), (b'u', b'll'), (b'in', b'k'), (b' s', b'ur'), (b' ro', b'ck'), (b' in', b'side'), (b' pret', b'ty'), (b' s', b'l'), (b' s', b'k'), (b'le', b'w'), (b'in', b'y'), (b' t', b'ake'), (b' a', b'm'), (b' g', b'ave'), (b' sur', b'pr'), (b' fa', b'st'), (b' e', b'ach'), (b' to', b'w'), (b'ou', b'r'), (b'es', b's'), (b'r', b'o'), (b'v', b'en'), (b'g', b'ed'), (b' sor', b'ry'), (b' ne', b'ed'), (b' ', b'or'), (b' m', b'uch'), (b' th', b'an'), (b'ur', b't'), (b' h', b'ow'), (b'is', b'ed'), (b' st', b'r'), (b'ab', b'le'), (b' u', b'nder'), (b'W', b'h'), (b'o', b'g'), (b'g', b'e'), (b' k', b'ind'), (b'a', b'nd'), (b' g', b'ra'), (b' A', b'my'), (b'im', b'al'), (b'v', b'ing'), (b' an', b'imal'), (b'f', b't'), (b' t', b'a'), (b'B', b'ut'), (b' f', b'ood'), (b'et', b'ter'), (b'C', b'an'), (b' wal', b'ked'), (b' W', b'e'), (b' t', b'r'), (b' wa', b't'), (b' ha', b'nd'), (b' o', b'ld'), (b' H', b'is'), (b' l', b'ist'), (b' h', b'ig'), (b'f', b'f'), (b' j', b'ust'), (b' cl', b'o'), (b' fl', b'ow'), (b' ', b'en'), (b'r', b'om'), (b' c', b'le'), (b'c', b'hed'), (b' did', b'n'), (b'ur', b'n'), (b' ', b'ide'), (b'ec', b'i'), (b'M', b'om'), (b'a', b'se'), (b' t', b'ry'), (b' ide', b'a'), (b' d', b'an'), (b'i', b'on'), (b'he', b're'), (b' sk', b'y'), (b' it', b's'), (b'eci', b'al'), (b' sp', b'ecial'), (b' ne', b'ar'), (b' f', b'lew'), (b' u', b's'), (b' A', b'nna'), (b' t', b'w'), (b' happ', b'ened'), (b'p', b'l'), (b'g', b'ry'), (b' f', b'o'), (b'in', b'e'), (b' f', b'i'), (b' s', b'n'), (b' T', b'h'), (b'Th', b'ank'), (b' ', b'if'), (b' c', b'ake'), (b'b', b'er'), (b' f', b'ish'), (b' animal', b's'), (b' st', b'or'), (b' o', b'ver'), (b' b', b'ug'), (b'l', b'f'), (b' he', b'ard'), (b'at', b'e'), (b' care', b'ful'), (b'e', b'x'), (b' c', b'om'), (b'udd', b'en'), (b'r', b'm'), (b' b', b'etter'), (b' lot', b's'), (b' b', b'y'), (b' l', b'et'), (b' h', b'ard'), (b' w', b'ind'), (b' ne', b'ver'), (b' h', b'urt'), (b' be', b'ar'), (b' sh', b'are'), (b'op', b'le'), (b' E', b'very'), (b' d', b're'), (b'udden', b'ly'), (b'm', b'ore'), (b' any', b'more'), (b' e', b'ven'), (b' t', b'e'), (b'or', b't'), (b' t', b'al'), (b'p', b'ec'), (b' f', b'ly'), (b' S', b'ara'), (b' sa', b'fe'), (b' lo', b've'), (b'ad', b'y'), (b' b', b'u'), (b' e', b'nd'), (b' d', b'on'), (b' ', b'K'), (b' f', b'ore'), (b'\n', b'\n'), (b' g', b'ive'), (b' pe', b'ople'), (b' a', b'fter'), (b' cle', b'an'), (b'u', b'ff'), (b' pr', b'oud'), (b' op', b'ened'), (b'b', b'ed'), (b"'", b'm'), (b' hig', b'h'), (b' g', b'r'), (b' f', b'am'), (b' b', b'ad'), (b' do', b'or'), (b' surpr', b'ised'), (b' The', b'n'), (b'itt', b'y'), (b'a', b'k'), (b' t', b'urn'), (b'A', b's'), (b' g', b'l'), (b'ag', b'e'), (b' F', b'rom'), (b'um', b'my'), (b'oug', b'h'), (b' g', b'round'), (b' cl', b'im'), (b' H', b'er'), (b' than', b'ked'), (b' ', b'im'), (b' W', b'hen'), (b'i', b'z'), (b' bl', b'ue'), (b' c', b'all'), (b' b', b'ook'), (b'k', b'ay'), (b'ard', b'en'), (b' g', b'arden'), (b'il', b'd'), (b' f', b'ar'), (b' m', b'a'), (b' e', b'ver'), (b' wa', b'y'), (b'pec', b'ted'), (b' hug', b'ged'), (b' c', b'he'), (b' sh', b'iny'), (b' co', b'l'), (b' pic', b'ked'), (b'L', b'et'), (b' sm', b'ile'), (b' m', b'ag'), (b' l', b'oud'), (b' c', b'u'), (b' of', b'f'), (b' sh', b'ould'), (b' c', b'ome'), (b' I', b'n'), (b'ex', b'pected'), (b' un', b'expected'), (b'x', b't'), (b' ne', b'xt'), (b' st', b'ick'), (b' pl', b'ace'), (b' wal', b'k'), (b' ', b'N'), (b't', b'ure'), (b' fam', b'ily'), (b'he', b's'), (b'e', b'm'), (b' ', b'qu'), (b' col', b'or'), (b'b', b'y'), (b' ', b'P'), (b' st', b'ill'), (b'i', b'p'), (b' u', b'nt'), (b' str', b'ong'), (b' gre', b'at'), (b' bo', b'at'), (b' a', b'pp'), (b'le', b's'), (b' ha', b't'), (b'o', b'y'), (b' happ', b'ily'), (b' br', b'o'), (b'oo', b'l'), (b' unt', b'il'), (b' jump', b'ed'), (b' tow', b'n'), (b' c', b'a'), (b' fr', b'og'), (b'd', b'y'), (b' k', b'id'), (b' help', b'ed'), (b' S', b'ally'), (b' fore', b'st'), (b'i', b'es'), (b' st', b'o'), (b'or', b'n'), (b'c', b't'), (b' do', b'll'), (b'a', b'ut'), (b' s', b'qu'), (b'ar', b'y'), (b' K', b'itty'), (b' be', b'aut'), (b' list', b'en'), (b' show', b'ed'), (b' m', b'et'), (b' n', b'ow'), (b'N', b'o'), (b'uff', b'y'), (b' p', b'ar'), (b' mag', b'ic')]
E                 
E                 At index 34 diff: (b' s', b'a') != (b'i', b'm')
E                 
E                 Full diff:
E                   [
E                       (
E                           b'h',
E                           b'e',
E                       ),
E                       (
E                           b' ',
E                           b't',
E                       ),
E                       (
E                           b' ',
E                           b'a',
E                       ),
E                       (
E                           b' ',
E                           b's',
E                       ),
E                       (
E                           b' ',
E                           b'w',
E                       ),
E                       (
E                           b'n',
E                           b'd',
E                       ),
E                       (
E                           b' t',
E                           b'he',
E                       ),
E                       (
E                           b'e',
E                           b'd',
E                       ),
E                       (
E                           b' ',
E                           b'b',
E                       ),
E                       (
E                           b' t',
E                           b'o',
E                       ),
E                       (
E                           b' a',
E                           b'nd',
E                       ),
E                       (
E                           b' ',
E                           b'h',
E                       ),
E                       (
E                           b' ',
E                           b'f',
E                       ),
E                       (
E                           b'i',
E                           b'n',
E                       ),
E                       (
E                           b' w',
E                           b'a',
E                       ),
E                       (
E                           b' ',
E                           b'T',
E                       ),
E                       (
E                           b'i',
E                           b't',
E                       ),
E                       (
E                           b'r',
E                           b'e',
E                       ),
E                       (
E                           b'o',
E                           b'u',
E                       ),
E                       (
E                           b' ',
E                           b'l',
E                       ),
E                       (
E                           b' ',
E                           b'd',
E                       ),
E                       (
E                           b' ',
E                           b'c',
E                       ),
E                       (
E                           b' ',
E                           b'p',
E                       ),
E                       (
E                           b'a',
E                           b'y',
E                       ),
E                       (
E                           b' wa',
E                           b's',
E                       ),
E                       (
E                           b'e',
E                           b'r',
E                       ),
E                       (
E                           b' ',
E                           b'm',
E                       ),
E                       (
E                           b'o',
E                           b'm',
E                       ),
E                       (
E                           b' ',
E                           b'he',
E                       ),
E                       (
E                           b' T',
E                           b'he',
E                       ),
E                       (
E                           b'i',
E                           b's',
E                       ),
E                       (
E                           b' ',
E                           b'n',
E                       ),
E                       (
E                           b'o',
E                           b'n',
E                       ),
E                       (
E                           b'a',
E                           b'r',
E                       ),
E                       (
E                 +         b' s',
E                 +         b'a',
E                 +     ),
E                 +     (
E                           b'i',
E                           b'm',
E                       ),
E                       (
E                 -         b' s',
E                 -         b'a',
E                 -     ),
E                 -     (
E                           b'l',
E                           b'l',
E                       ),
E                       (
E                           b'i',
E                           b'd',
E                       ),
E                       (
E                           b' h',
E                           b'a',
E                       ),
E                       (
E                           b' ',
E                           b'g',
E                       ),
E                       (
E                           b' ',
E                           b'S',
E                       ),
E                       (
E                           b'a',
E                           b't',
E                       ),
E                       (
E                           b'in',
E                           b'g',
E                       ),
E                       (
E                           b'o',
E                           b't',
E                       ),
E                       (
E                           b'e',
E                           b'n',
E                       ),
E                       (
E                           b'a',
E                           b'n',
E                       ),
E                       (
E                           b'l',
E                           b'e',
E                       ),
E                       (
E                           b'o',
E                           b'r',
E                       ),
E                       (
E                           b'i',
E                           b'r',
E                       ),
E                       (
E                           b' ',
E                           b'H',
E                       ),
E                       (
E                           b'a',
E                           b'm',
E                       ),
E                       (
E                           b'e',
E                           b't',
E                       ),
E                       (
E                           b' ',
E                           b'it',
E                       ),
E                       (
E                           b' t',
E                           b'h',
E                       ),
E                       (
E                           b'i',
E                           b'g',
E                       ),
E                       (
E                           b' The',
E                           b'y',
E                       ),
E                       (
E                           b'i',
E                           b'l',
E                       ),
E                       (
E                           b' ',
E                           b'in',
E                       ),
E                       (
E                           b' H',
E                           b'e',
E                       ),
E                       (
E                           b' p',
E                           b'l',
E                       ),
E                       (
E                           b' ',
E                           b'"',
E                       ),
E                       (
E                           b'o',
E                           b'w',
E                       ),
E                       (
E                           b'v',
E                           b'er',
E                       ),
E                       (
E                           b'r',
E                           b'i',
E                       ),
E                       (
E                           b' ',
E                           b'u',
E                       ),
E                       (
E                           b'u',
E                           b't',
E                       ),
E                       (
E                           b' d',
E                           b'ay',
E                       ),
E                       (
E                           b' sa',
E                           b'id',
E                       ),
E                       (
E                           b'it',
E                           b'h',
E                       ),
E                       (
E                           b'p',
E                           b'p',
E                       ),
E                       (
E                           b' pl',
E                           b'ay',
E                       ),
E                       (
E                           b' b',
E                           b'e',
E                       ),
E                       (
E                           b'O',
E                           b'n',
E                       ),
E                       (
E                           b' w',
E                           b'ith',
E                       ),
E                       (
E                           b' ',
E                           b'o',
E                       ),
E                       (
E                           b' ',
E                           b'y',
E                       ),
E                       (
E                           b' he',
E                           b'r',
E                       ),
E                       (
E                           b' ',
E                           b'r',
E                       ),
E                       (
E                           b'o',
E                           b'o',
E                       ),
E                       (
E                           b'k',
E                           b'ed',
E                       ),
E                       (
E                           b'c',
E                           b'e',
E                       ),
E                       (
E                 +         b' S',
E                 +         b'he',
E                 +     ),
E                 +     (
E                           b' h',
E                           b'is',
E                       ),
E                       (
E                 -         b' S',
E                 -         b'he',
E                 -     ),
E                 -     (
E                           b' ',
E                           b'I',
E                       ),
E                       (
E                           b'l',
E                           b'd',
E                       ),
E                       (
E                           b' s',
E                           b't',
E                       ),
E                       (
E                           b' T',
E                           b'im',
E                       ),
E                       (
E                           b'k',
E                           b'e',
E                       ),
E                       (
E                           b' ',
E                           b'e',
E                       ),
E                       (
E                           b'n',
E                           b't',
E                       ),
E                       (
E                           b'c',
E                           b'k',
E                       ),
E                       (
E                           b' b',
E                           b'ig',
E                       ),
E                       (
E                           b'ver',
E                           b'y',
E                       ),
E                       (
E                           b' y',
E                           b'ou',
E                       ),
E                       (
E                           b'v',
E                           b'e',
E                       ),
E                       (
E                           b's',
E                           b't',
E                       ),
E                       (
E                           b' ha',
E                           b'pp',
E                       ),
E                       (
E                           b' ',
E                           b'on',
E                       ),
E                       (
E                           b'e',
E                           b'nd',
E                       ),
E                       (
E                           b'u',
E                           b'n',
E                       ),
E                       (
E                           b'a',
E                           b'll',
E                       ),
E                       (
E                           b'il',
E                           b'y',
E                       ),
E                       (
E                           b'ri',
E                           b'end',
E                       ),
E                       (
E                           b' f',
E                           b'riend',
E                       ),
E                       (
E                           b' ',
E                           b'L',
E                       ),
E                       (
E                           b' u',
E                           b'p',
E                       ),
E                       (
E                           b' the',
E                           b'y',
E                       ),
E                       (
E                           b' wa',
E                           b'nt',
E                       ),
E                       (
E                 -         b' w',
E                 -         b'e',
E                 -     ),
E                 -     (
E                           b' ha',
E                           b'd',
E                       ),
E                       (
E                 +         b' w',
E                 +         b'e',
E                 +     ),
E                 +     (
E                           b' n',
E                           b'ot',
E                       ),
E                       (
E                           b'he',
E                           b'r',
E                       ),
E                       (
E                           b' l',
E                           b'i',
E                       ),
E                       (
E                           b'it',
E                           b't',
E                       ),
E                       (
E                           b' d',
E                           b'o',
E                       ),
E                       (
E                           b' o',
E                           b'f',
E                       ),
E                       (
E                           b' ',
E                           b'B',
E                       ),
E                       (
E                           b'a',
E                           b'd',
E                       ),
E                       (
E                           b'e',
E                           b's',
E                       ),
E                       (
E                           b' happ',
E                           b'y',
E                       ),
E                       (
E                           b' ',
E                           b'M',
E                       ),
E                       (
E                           b'en',
E                           b't',
E                       ),
E                       (
E                           b' ',
E                           b'very',
E                       ),
E                       (
E                           b' th',
E                           b'at',
E                       ),
E                       (
E                           b'On',
E                           b'e',
E                       ),
E                       (
E                           b' sa',
E                           b'w',
E                       ),
E                       (
E                           b' m',
E                           b'om',
E                       ),
E                       (
E                           b'ou',
E                           b'ld',
E                       ),
E                       (
E                           b"'",
E                           b's',
E                       ),
E                       (
E                           b's',
E                           b'e',
E                       ),
E                       (
E                           b' f',
E                           b'or',
E                       ),
E                       (
E                           b'itt',
E                           b'le',
E                       ),
E                       (
E                           b' l',
E                           b'ittle',
E                       ),
E                       (
E                           b' s',
E                           b'o',
E                       ),
E                       (
E                           b' s',
E                           b'he',
E                       ),
E                       (
E                           b' s',
E                           b'h',
E                       ),
E                       (
E                           b'im',
E                           b'e',
E                       ),
E                       (
E                           b' ',
E                           b'k',
E                       ),
E                       (
E                           b' t',
E                           b'ime',
[...]
            b'ter',
        ),
        (
  -         b' bec',
  -         b'ame',
  -     ),
  -     (
            b' out',
            b'side',
        ),
        (
            b' learn',
            b'ed',
        ),
        (
            b' laug',
            b'hed',
        ),
        (
            b'u',
            b'dd',
        ),
        (
            b' d',
            b'ad',
        ),
        (
            b'id',
            b'ed',
        ),
        (
            b'an',
            b't',
        ),
        (
            b' bec',
            b'ause',
        ),
        (
            b' on',
            b'e',
        ),
        (
            b' g',
            b're',
        ),
        (
            b' p',
            b'e',
        ),
        (
            b' dec',
            b'ided',
        ),
        (
            b' A',
            b'nd',
        ),
        (
            b'p',
            b'r',
        ),
        (
            b' exc',
            b'ited',
        ),
        (
            b' ',
            b'v',
        ),
        (
  +         b' n',
  +         b'ice',
  +     ),
  +     (
            b'Y',
            b'es',
        ),
        (
  -         b' n',
  -         b'ice',
  -     ),
  -     (
            b' h',
            b'o',
        ),
        (
            b'nn',
            b'a',
        ),
        (
            b' ',
            b'ke',
        ),
        (
            b' e',
            b'at',
        ),
        (
            b' s',
            b'or',
        ),
        (
            b' th',
            b'is',
        ),
        (
            b'ar',
            b'a',
        ),
        (
            b' j',
            b'ump',
        ),
        (
            b' l',
            b'ong',
        ),
        (
            b' fe',
            b'el',
        ),
        (
            b'The',
            b'y',
        ),
        (
            b' B',
            b'ob',
        ),
        (
            b'T',
            b'om',
        ),
        (
            b' m',
            b'o',
        ),
        (
            b' to',
            b'ld',
        ),
        (
            b' r',
            b'un',
        ),
        (
            b'u',
            b'll',
        ),
        (
            b'in',
            b'k',
        ),
        (
            b' s',
            b'ur',
        ),
        (
            b' ro',
            b'ck',
        ),
        (
            b' in',
            b'side',
        ),
        (
            b' pret',
            b'ty',
        ),
        (
            b' s',
            b'l',
        ),
        (
            b' s',
            b'k',
        ),
        (
            b'le',
            b'w',
        ),
        (
            b'in',
            b'y',
        ),
        (
            b' t',
            b'ake',
        ),
        (
            b' a',
            b'm',
        ),
        (
            b' g',
            b'ave',
        ),
        (
            b' sur',
            b'pr',
        ),
        (
            b' fa',
            b'st',
        ),
        (
            b' e',
            b'ach',
        ),
        (
            b' to',
            b'w',
        ),
        (
            b'ou',
            b'r',
        ),
        (
            b'es',
            b's',
        ),
        (
            b'r',
            b'o',
        ),
        (
            b'v',
            b'en',
        ),
        (
  +         b' sor',
  +         b'ry',
  +     ),
  +     (
            b'g',
            b'ed',
        ),
        (
  -         b' sor',
  -         b'ry',
  -     ),
  -     (
            b' ne',
            b'ed',
        ),
        (
            b' ',
            b'or',
        ),
        (
            b' m',
            b'uch',
        ),
        (
            b' th',
            b'an',
        ),
        (
            b'ur',
            b't',
        ),
        (
            b' h',
            b'ow',
        ),
        (
            b'is',
            b'ed',
        ),
        (
            b' st',
            b'r',
        ),
        (
            b'ab',
            b'le',
        ),
        (
            b' u',
            b'nder',
        ),
        (
            b'W',
            b'h',
        ),
        (
            b'o',
            b'g',
        ),
        (
  -         b'g',
  -         b'e',
  -     ),
  -     (
            b' k',
            b'ind',
        ),
        (
  +         b'g',
  +         b'e',
  +     ),
  +     (
            b'a',
            b'nd',
        ),
        (
            b' g',
            b'ra',
        ),
        (
            b' A',
            b'my',
        ),
        (
            b'im',
            b'al',
        ),
        (
  +         b' an',
  +         b'imal',
  +     ),
  +     (
            b'v',
            b'ing',
        ),
        (
  -         b' an',
  -         b'imal',
  -     ),
  -     (
            b'f',
            b't',
        ),
        (
            b' t',
            b'a',
  +     ),
  +     (
  +         b' f',
  +         b'ood',
        ),
        (
            b'B',
            b'ut',
        ),
        (
  -         b' f',
  -         b'ood',
  -     ),
  -     (
            b'et',
            b'ter',
        ),
        (
            b'C',
            b'an',
        ),
        (
            b' wal',
            b'ked',
        ),
        (
            b' W',
            b'e',
        ),
        (
            b' t',
            b'r',
        ),
        (
            b' wa',
            b't',
        ),
        (
            b' ha',
            b'nd',
        ),
        (
            b' o',
            b'ld',
        ),
        (
            b' H',
            b'is',
        ),
        (
            b' l',
            b'ist',
        ),
        (
            b' h',
            b'ig',
        ),
        (
            b'f',
            b'f',
        ),
        (
  +         b' cl',
  +         b'o',
  +     ),
  +     (
            b' j',
            b'ust',
        ),
        (
  -         b' cl',
  -         b'o',
  -     ),
  -     (
            b' fl',
            b'ow',
        ),
        (
            b' ',
            b'en',
        ),
        (
            b'r',
            b'om',
        ),
        (
            b' c',
            b'le',
        ),
        (
            b'c',
            b'hed',
        ),
        (
            b' did',
            b'n',
        ),
        (
            b'ur',
            b'n',
        ),
        (
            b' ',
            b'ide',
        ),
        (
            b'ec',
            b'i',
        ),
        (
            b'M',
            b'om',
        ),
        (
  -         b'a',
  -         b'se',
  -     ),
  -     (
            b' t',
            b'ry',
        ),
        (
  +         b'a',
  +         b'se',
  +     ),
  +     (
            b' ide',
            b'a',
        ),
        (
            b' d',
            b'an',
        ),
        (
  +         b'he',
  +         b're',
  +     ),
  +     (
            b'i',
            b'on',
        ),
        (
  -         b'he',
  -         b're',
  -     ),
  -     (
            b' sk',
            b'y',
        ),
        (
            b' it',
            b's',
        ),
        (
            b'eci',
            b'al',
        ),
        (
            b' sp',
            b'ecial',
        ),
        (
            b' ne',
            b'ar',
        ),
        (
            b' f',
            b'lew',
        ),
        (
            b' u',
            b's',
        ),
        (
            b' A',
            b'nna',
        ),
        (
  +         b' happ',
  +         b'ened',
  +     ),
  +     (
            b' t',
            b'w',
        ),
        (
  -         b' happ',
  -         b'ened',
  -     ),
  -     (
            b'p',
            b'l',
        ),
        (
  +         b' f',
  +         b'o',
  +     ),
  +     (
            b'g',
            b'ry',
        ),
        (
  -         b' f',
  -         b'o',
  -     ),
  -     (
            b'in',
            b'e',
        ),
        (
            b' f',
            b'i',
        ),
        (
            b' s',
            b'n',
        ),
        (
            b' T',
            b'h',
        ),
        (
            b'Th',
            b'ank',
        ),
        (
            b' ',
            b'if',
        ),
        (
            b' c',
            b'ake',
        ),
        (
  +         b' f',
  +         b'ish',
  +     ),
  +     (
            b'b',
            b'er',
        ),
        (
  -         b' f',
  -         b'ish',
  -     ),
  -     (
            b' animal',
            b's',
        ),
        (
            b' st',
            b'or',
        ),
        (
            b' o',
            b'ver',
        ),
        (
            b' b',
            b'ug',
        ),
        (
            b'l',
            b'f',
        ),
        (
            b' he',
            b'ard',
        ),
        (
  -         b'at',
  -         b'e',
  -     ),
  -     (
            b' care',
            b'ful',
        ),
        (
  +         b'at',
  +         b'e',
  +     ),
  +     (
            b'e',
            b'x',
        ),
        (
            b' c',
            b'om',
        ),
        (
            b'udd',
            b'en',
        ),
        (
            b'r',
            b'm',
        ),
        (
            b' b',
            b'etter',
        ),
        (
            b' lot',
            b's',
        ),
        (
            b' b',
            b'y',
        ),
        (
            b' l',
            b'et',
        ),
        (
            b' h',
            b'ard',
        ),
        (
  +         b' ne',
  +         b'ver',
  +     ),
  +     (
            b' w',
            b'ind',
        ),
        (
  -         b' ne',
  ?            ^
  +         b' be',
  ?            ^
  -         b'ver',
  ?           ^^
  +         b'ar',
  ?           ^
        ),
        (
            b' h',
            b'urt',
        ),
        (
  -         b' be',
  -         b'ar',
  -     ),
  -     (
            b' sh',
            b'are',
        ),
        (
            b'op',
            b'le',
        ),
        (
            b' E',
            b'very',
        ),
        (
            b' d',
            b're',
        ),
        (
            b'udden',
            b'ly',
        ),
        (
            b'm',
            b'ore',
        ),
        (
            b' any',
            b'more',
        ),
        (
            b' e',
            b'ven',
        ),
        (
            b' t',
            b'e',
        ),
        (
            b'or',
            b't',
        ),
        (
            b' t',
            b'al',
        ),
        (
            b'p',
            b'ec',
        ),
        (
  +         b' S',
  +         b'ara',
  +     ),
  +     (
            b' f',
            b'ly',
        ),
        (
  -         b' S',
  ?            ^
  +         b' lo',
  ?            ^^
  -         b'ara',
  ?           ^^^
  +         b've',
  ?           ^^
        ),
        (
            b' sa',
            b'fe',
        ),
        (
  -         b' lo',
  -         b've',
  -     ),
  -     (
            b'ad',
            b'y',
        ),
        (
            b' b',
            b'u',
        ),
        (
            b' e',
            b'nd',
        ),
        (
            b' d',
            b'on',
        ),
        (
            b' ',
            b'K',
        ),
        (
            b' f',
            b'ore',
        ),
        (
            b'\n',
            b'\n',
        ),
        (
            b' g',
            b'ive',
        ),
        (
            b' pe',
            b'ople',
        ),
        (
            b' a',
            b'fter',
        ),
        (
            b' cle',
            b'an',
        ),
        (
  +         b' op',
  +         b'ened',
  +     ),
  +     (
  +         b' pr',
  +         b'oud',
  +     ),
  +     (
            b'u',
            b'ff',
        ),
        (
  +         b' hig',
  +         b'h',
  +     ),
  +     (
  +         b' g',
  -         b' pr',
  ?           --
  +         b'r',
  -         b'oud',
        ),
        (
  -         b' op',
  ?            ^^
  +         b' f',
  ?            ^
  -         b'ened',
  ?           ^^^^
  +         b'am',
  ?           ^^
        ),
        (
            b'b',
            b'ed',
        ),
        (
            b"'",
            b'm',
        ),
        (
  -         b' hig',
  -         b'h',
  -     ),
  -     (
  -         b' g',
  -         b'r',
  -     ),
  -     (
  -         b' f',
  -         b'am',
  -     ),
  -     (
            b' b',
            b'ad',
        ),
        (
            b' do',
            b'or',
        ),
        (
            b' surpr',
            b'ised',
        ),
        (
            b' The',
            b'n',
        ),
        (
            b'itt',
            b'y',
        ),
        (
  -         b'a',
  -         b'k',
  -     ),
  -     (
            b' t',
            b'urn',
        ),
        (
  +         b'a',
  +         b'k',
  +     ),
  +     (
  +         b' g',
  +         b'l',
  +     ),
  +     (
            b'A',
            b's',
        ),
        (
  -         b' g',
  -         b'l',
  -     ),
  -     (
  -         b'ag',
  -         b'e',
  -     ),
  -     (
            b' F',
            b'rom',
        ),
        (
  +         b'ag',
  +         b'e',
  +     ),
  +     (
  +         b'oug',
  +         b'h',
  +     ),
  +     (
            b'um',
            b'my',
        ),
        (
  -         b'oug',
  -         b'h',
  -     ),
  -     (
            b' g',
            b'round',
        ),
        (
            b' cl',
            b'im',
        ),
        (
            b' H',
            b'er',
        ),
        (
            b' than',
            b'ked',
        ),
        (
            b' ',
            b'im',
        ),
        (
            b' W',
            b'hen',
        ),
        (
            b'i',
            b'z',
        ),
        (
            b' bl',
            b'ue',
        ),
        (
            b' c',
            b'all',
        ),
        (
            b' b',
            b'ook',
        ),
        (
  +         b'ard',
  +         b'en',
  +     ),
  +     (
  +         b' g',
  +         b'arden',
  +     ),
  +     (
            b'k',
            b'ay',
        ),
        (
  -         b'ard',
  -         b'en',
  -     ),
  -     (
  -         b' g',
  -         b'arden',
  -     ),
  -     (
            b'il',
            b'd',
        ),
        (
            b' f',
            b'ar',
        ),
        (
  -         b' m',
  -         b'a',
  -     ),
  -     (
            b' e',
            b'ver',
        ),
        (
  +         b' m',
  +         b'a',
  +     ),
  +     (
            b' wa',
            b'y',
        ),
        (
            b'pec',
            b'ted',
        ),
        (
            b' hug',
            b'ged',
        ),
        (
            b' c',
            b'he',
        ),
        (
  +         b' co',
  +         b'l',
  +     ),
  +     (
            b' sh',
            b'iny',
        ),
        (
  -         b' co',
  -         b'l',
  -     ),
  -     (
            b' pic',
            b'ked',
        ),
        (
            b'L',
            b'et',
        ),
        (
            b' sm',
            b'ile',
        ),
        (
            b' m',
            b'ag',
        ),
        (
            b' l',
            b'oud',
        ),
        (
            b' c',
            b'u',
        ),
        (
            b' of',
            b'f',
        ),
        (
            b' sh',
            b'ould',
        ),
        (
  +         b' I',
  +         b'n',
  +     ),
  +     (
            b' c',
            b'ome',
        ),
        (
  -         b' I',
  -         b'n',
  -     ),
  -     (
            b'ex',
            b'pected',
        ),
        (
            b' un',
            b'expected',
        ),
        (
            b'x',
            b't',
        ),
        (
            b' ne',
            b'xt',
        ),
        (
            b' st',
            b'ick',
        ),
        (
            b' pl',
            b'ace',
        ),
        (
            b' wal',
            b'k',
        ),
        (
            b' ',
            b'N',
        ),
        (
  -         b't',
  -         b'ure',
  -     ),
  -     (
            b' fam',
            b'ily',
        ),
        (
  +         b't',
  +         b'ure',
  +     ),
  +     (
            b'he',
            b's',
        ),
        (
            b'e',
            b'm',
        ),
        (
            b' ',
            b'qu',
        ),
        (
            b' col',
            b'or',
        ),
        (
            b'b',
            b'y',
        ),
        (
            b' ',
            b'P',
        ),
        (
            b' st',
            b'ill',
        ),
        (
  +         b' u',
  +         b'nt',
  +     ),
  +     (
            b'i',
            b'p',
        ),
        (
  -         b' u',
  -         b'nt',
  -     ),
  -     (
            b' str',
            b'ong',
        ),
        (
            b' gre',
            b'at',
        ),
        (
            b' bo',
            b'at',
        ),
        (
            b' a',
            b'pp',
        ),
        (
            b'le',
            b's',
        ),
        (
            b' ha',
            b't',
        ),
        (
  -         b'o',
  -         b'y',
  -     ),
  -     (
            b' happ',
            b'ily',
        ),
        (
  +         b'o',
  +         b'y',
  +     ),
  +     (
            b' br',
            b'o',
  +     ),
  +     (
  +         b' unt',
  +         b'il',
  +     ),
  +     (
  +         b' jump',
  +         b'ed',
        ),
        (
            b'oo',
            b'l',
        ),
        (
  -         b' unt',
  -         b'il',
  -     ),
  -     (
  -         b' jump',
  -         b'ed',
  -     ),
  -     (
            b' tow',
            b'n',
        ),
        (
            b' c',
            b'a',
        ),
        (
            b' fr',
            b'og',
        ),
        (
            b'd',
            b'y',
        ),
        (
  +         b' help',
  +         b'ed',
  +     ),
  +     (
            b' k',
            b'id',
        ),
        (
  -         b' help',
  -         b'ed',
  -     ),
  -     (
            b' S',
            b'ally',
        ),
        (
            b' fore',
            b'st',
        ),
        (
  +         b' st',
  +         b'o',
  +     ),
  +     (
            b'i',
            b'es',
        ),
        (
  -         b' st',
  -         b'o',
  +         b' do',
  ?           ++
  +         b'll',
        ),
        (
            b'or',
            b'n',
        ),
        (
            b'c',
            b't',
        ),
        (
  -         b' do',
  -         b'll',
  -     ),
  -     (
            b'a',
            b'ut',
        ),
        (
            b' s',
            b'qu',
        ),
        (
            b'ar',
            b'y',
        ),
        (
            b' K',
            b'itty',
        ),
        (
            b' be',
            b'aut',
        ),
        (
            b' list',
            b'en',
        ),
        (
            b' show',
            b'ed',
        ),
        (
            b' m',
            b'et',
        ),
        (
            b' n',
            b'ow',
        ),
        (
            b'N',
            b'o',
        ),
        (
  +         b' mag',
  +         b'ic',
  +     ),
  +     (
            b'uff',
            b'y',
        ),
        (
            b' p',
            b'ar',
        ),
  -     (
  -         b' mag',
  -         b'ic',
  -     ),
    ]
============================== 3 failed in 11.56s ==============================
